<?xml version="1.0" encoding="UTF-8"?>
<!-- Generated by org.testng.reporters.JUnitReportReporter -->
<testsuite hostname="mohit-Lenovo-ideapad-500-15ISK" name="com.nicobar.Testcases.VerifyNicobarLogin" tests="1" failures="0" timestamp="5 Jun 2017 07:57:13 GMT" time="21.674" errors="0">
  <testcase name="verifyValidLogin" time="21.674" classname="com.nicobar.Testcases.VerifyNicobarLogin"/>
</testsuite> <!-- com.nicobar.Testcases.VerifyNicobarLogin -->
