<?xml version="1.0" encoding="UTF-8"?>
<!-- Generated by org.testng.reporters.JUnitReportReporter -->
<testsuite hostname="mohit-Lenovo-ideapad-500-15ISK" name="com.nicobar.Testcases.VerifyNicobarFooter" tests="1" failures="0" timestamp="9 Jun 2017 08:16:44 GMT" time="163.728" errors="0">
  <testcase name="verifyFooter" time="163.728" classname="com.nicobar.Testcases.VerifyNicobarFooter"/>
</testsuite> <!-- com.nicobar.Testcases.VerifyNicobarFooter -->
