<?xml version="1.0" encoding="UTF-8"?>
<!-- Generated by org.testng.reporters.JUnitReportReporter -->
<testsuite hostname="mohit-Lenovo-ideapad-500-15ISK" name="com.nicobar.Testcases.VerifyHomePage" tests="1" failures="0" timestamp="12 Jun 2017 11:41:22 GMT" time="50.851" errors="0">
  <testcase name="verifyHomePage" time="50.851" classname="com.nicobar.Testcases.VerifyHomePage"/>
</testsuite> <!-- com.nicobar.Testcases.VerifyHomePage -->
