<?xml version="1.0" encoding="UTF-8"?>
<!-- Generated by org.testng.reporters.JUnitReportReporter -->
<testsuite hostname="mohit-Lenovo-ideapad-500-15ISK" name="com.nicobar.Testcases.VerifyProductListingPage" tests="1" failures="0" timestamp="14 Jun 2017 11:28:01 GMT" time="21.645" errors="0">
  <testcase name="verifyProductListingPage" time="21.645" classname="com.nicobar.Testcases.VerifyProductListingPage"/>
</testsuite> <!-- com.nicobar.Testcases.VerifyProductListingPage -->
